Rendering to 1000x1000 image
Loaded scene with 10000 circles
Loaded scene with 10000 circles
---------------------------------------------------------
Initializing CUDA for CudaRenderer
Found 1 CUDA devices
Device 0: NVIDIA GeForce RTX 3080
   SMs:        68
   Global mem: 9903 MB
   CUDA Cap:   8.6
---------------------------------------------------------

Running benchmark, 1 frames, beginning at frame 0 ...
Advancing animation for scene 10, frame 0
Copying image data from device
***************** Correctness check passed **************************
Clear:    0.1686 ms
Advance:  0.0044 ms
Render:   18.0438 ms
Total:    18.2168 ms

Overall:  6.3213 sec (note units are seconds)
