Rendering to 1000x1000 image
Loaded scene with 25 circles
Loaded scene with 25 circles
---------------------------------------------------------
Initializing CUDA for CudaRenderer
Found 1 CUDA devices
Device 0: NVIDIA GeForce RTX 3080
   SMs:        68
   Global mem: 9903 MB
   CUDA Cap:   8.6
---------------------------------------------------------

Running benchmark, 1 frames, beginning at frame 0 ...
Advancing animation for scene 7, frame 0
Copying image data from device
***************** Correctness check passed **************************
Clear:    0.1650 ms
Advance:  0.0306 ms
Render:   2.7813 ms
Total:    2.9769 ms

Overall:  0.0682 sec (note units are seconds)
