Rendering to 1000x1000 image
Loaded scene with 10000 circles
Loaded scene with 10000 circles
---------------------------------------------------------
Initializing CUDA for CudaRenderer
Found 1 CUDA devices
Device 0: NVIDIA GeForce RTX 3080
   SMs:        68
   Global mem: 9903 MB
   CUDA Cap:   8.6
---------------------------------------------------------

Running benchmark, 1 frames, beginning at frame 0 ...
Advancing animation for scene 11, frame 0
Copying image data from device
***************** Correctness check passed **************************
Clear:    0.0976 ms
Advance:  0.0030 ms
Render:   10.7417 ms
Total:    10.8423 ms

Overall:  3.8635 sec (note units are seconds)
