Rendering to 1000x1000 image
Loaded scene with 1217 circles
Loaded scene with 1217 circles
---------------------------------------------------------
Initializing CUDA for CudaRenderer
Found 1 CUDA devices
Device 0: NVIDIA GeForce RTX 3080
   SMs:        68
   Global mem: 9903 MB
   CUDA Cap:   8.6
---------------------------------------------------------

Running benchmark, 1 frames, beginning at frame 0 ...
Advancing animation for scene 4, frame 0
Copying image data from device
***************** Correctness check passed **************************
Clear:    0.1596 ms
Advance:  0.0061 ms
Render:   1.2352 ms
Total:    1.4008 ms

Overall:  0.0438 sec (note units are seconds)
