Rendering to 1000x1000 image
Loaded data for 100000 circles from snow.par
Loaded scene with 100000 circles
Loaded data for 100000 circles from snow.par
Loaded scene with 100000 circles
---------------------------------------------------------
Initializing CUDA for CudaRenderer
Found 1 CUDA devices
Device 0: NVIDIA GeForce RTX 3080
   SMs:        68
   Global mem: 9903 MB
   CUDA Cap:   8.6
---------------------------------------------------------

Running benchmark, 1 frames, beginning at frame 0 ...
Advancing animation for scene 9, frame 0
Copying image data from device
***************** Correctness check passed **************************
Clear:    0.1657 ms
Advance:  0.0060 ms
Render:   2.1995 ms
Total:    2.3712 ms

Overall:  0.3862 sec (note units are seconds)
