Rendering to 1000x1000 image
Loaded data for 100000 circles from snow.par
Loaded scene with 100000 circles
---------------------------------------------------------
Initializing CUDA for CudaRenderer
Found 1 CUDA devices
Device 0: NVIDIA GeForce RTX 3080
   SMs:        68
   Global mem: 9903 MB
   CUDA Cap:   8.6
---------------------------------------------------------

Running benchmark, 4 frames, beginning at frame 0 ...
max: 148, min: 12, avg: 63.836914
max: 148, min: 12, avg: 63.836914
max: 148, min: 12, avg: 63.836914
max: 148, min: 12, avg: 63.836914
Clear:    0.0598 ms
Advance:  0.0009 ms
Render:   1.6143 ms
Total:    1.6749 ms

Overall:  0.0068 sec (note units are seconds)
