Rendering to 1000x1000 image
Loaded scene with 10000 circles
---------------------------------------------------------
Initializing CUDA for CudaRenderer
Found 1 CUDA devices
Device 0: NVIDIA GeForce RTX 3080
   SMs:        68
   Global mem: 9903 MB
   CUDA Cap:   8.6
---------------------------------------------------------

Running benchmark, 4 frames, beginning at frame 0 ...
max: 222, min: 39, avg: 166.096680
max: 222, min: 39, avg: 166.096680
max: 222, min: 39, avg: 166.096680
max: 222, min: 39, avg: 166.096680
Clear:    0.0598 ms
Advance:  0.0009 ms
Render:   2.9352 ms
Total:    2.9959 ms

Overall:  0.0121 sec (note units are seconds)
